<?xml version="1.0" encoding="UTF-8"?>
<!-- Generated by org.testng.reporters.JUnitReportReporter -->
<testsuite hostname="user-PC" name="restAssured.ExcelDDD" tests="1" failures="0" timestamp="14 Jun 2020 15:02:20 GMT" time="4.499" errors="0">
  <testcase name="addBook" time="4.499" classname="restAssured.ExcelDDD"/>
</testsuite> <!-- restAssured.ExcelDDD -->
